Using pre-set license
Built from '2020.3/staging' branch; Version is '2020.3.4f1 (0abb6314276a) revision 703331'; Using compiler version '192528614'; Build Type 'Release'
OS: 'Windows 10 Pro; OS build 19041.630; Version 2004; 64bit' Language: 'pl' Physical Memory: 16235 MB
BatchMode: 1, IsHumanControllingUs: 0, StartBugReporterOnCrash: 0, Is64bit: 1, IsPro: 0

 COMMAND LINE ARGUMENTS:
D:\Unity\2020.3.4f1\Editor\Unity.exe
-adb2
-batchMode
-noUpm
-name
AssetImportWorker1
-projectPath
D:/DungeonCrawler/DungeonCrawler
-logFile
Logs/AssetImportWorker1.log
-srvPort
62525
Successfully changed project path to: D:/DungeonCrawler/DungeonCrawler
D:/DungeonCrawler/DungeonCrawler
Using Asset Import Pipeline V2.
Refreshing native plugins compatible for Editor in 63.38 ms, found 1 plugins.
Preloading 0 native plugins for Editor in 0.00 ms.
Initialize engine version: 2020.3.4f1 (0abb6314276a)
[Subsystems] Discovering subsystems at path D:/Unity/2020.3.4f1/Editor/Data/Resources/UnitySubsystems
[Subsystems] Discovering subsystems at path D:/DungeonCrawler/DungeonCrawler/Assets
GfxDevice: creating device client; threaded=0
Direct3D:
    Version:  Direct3D 11.0 [level 11.1]
    Renderer: NVIDIA GeForce GTX 1050 (ID=0x1c8d)
    Vendor:   
    VRAM:     4021 MB
    Driver:   27.21.14.6089
Shader 'Universal Render Pipeline/Particles/Lit': fallback shader 'Universal Render Pipeline/Particles/SimpleLit' not found
Initialize mono
Mono path[0] = 'D:/Unity/2020.3.4f1/Editor/Data/Managed'
Mono path[1] = 'D:/Unity/2020.3.4f1/Editor/Data/MonoBleedingEdge/lib/mono/unityjit'
Mono config path = 'D:/Unity/2020.3.4f1/Editor/Data/MonoBleedingEdge/etc'
Using monoOptions --debugger-agent=transport=dt_socket,embedding=1,server=y,suspend=n,address=127.0.0.1:56440
Begin MonoManager ReloadAssembly
Registering precompiled unity dll's ...
Register platform support module: D:/Unity/2020.3.4f1/Editor/Data/PlaybackEngines/WindowsStandaloneSupport/UnityEditor.WindowsStandalone.Extensions.dll
Registered in 0.001701 seconds.
Native extension for WindowsStandalone target not found
Refreshing native plugins compatible for Editor in 61.96 ms, found 1 plugins.
Preloading 0 native plugins for Editor in 0.00 ms.
Mono: successfully reloaded assembly
- Completed reload, in  0.896 seconds
Platform modules already initialized, skipping
Registering precompiled user dll's ...
Registered in 0.001573 seconds.
Begin MonoManager ReloadAssembly
Native extension for WindowsStandalone target not found
Refreshing native plugins compatible for Editor in 61.79 ms, found 1 plugins.
Preloading 0 native plugins for Editor in 0.00 ms.
Mono: successfully reloaded assembly
- Completed reload, in  0.992 seconds
Platform modules already initialized, skipping
========================================================================
Worker process is ready to serve import requests
Shader 'Universal Render Pipeline/Particles/Lit': fallback shader 'Universal Render Pipeline/Particles/SimpleLit' not found
Launched and connected shader compiler UnityShaderCompiler.exe after 0.35 seconds
Refreshing native plugins compatible for Editor in 0.88 ms, found 1 plugins.
Preloading 0 native plugins for Editor in 0.00 ms.
Unloading 3121 Unused Serialized files (Serialized files now loaded: 0)
System memory in use before: 161.0 MB.
System memory in use after: 161.1 MB.

Unloading 25 unused Assets to reduce memory usage. Loaded Objects now: 3588.
Total: 2.839700 ms (FindLiveObjects: 0.394800 ms CreateObjectMapping: 0.167100 ms MarkObjects: 2.149200 ms  DeleteObjects: 0.127600 ms)

========================================================================
Received Import Request.
  path: Assets/Prefabs/Mage.prefab
  artifactKey: Guid(ee8773996318a65478642179e5891d76) Importer(815301076,1909f56bfc062723c751e8b465ee728b)
Start importing Assets/Prefabs/Mage.prefab using Guid(ee8773996318a65478642179e5891d76) Importer(815301076,1909f56bfc062723c751e8b465ee728b)  -> (artifact id: '4fb829fddc5c1e5d33cfbfc8f41a3b4c') in 0.506538 seconds
  Import took 1.174847 seconds .

========================================================================
Received Prepare
Registering precompiled user dll's ...
Registered in 0.002074 seconds.
Begin MonoManager ReloadAssembly
Native extension for WindowsStandalone target not found
Refreshing native plugins compatible for Editor in 0.61 ms, found 1 plugins.
Preloading 0 native plugins for Editor in 0.00 ms.
Mono: successfully reloaded assembly
- Completed reload, in  0.945 seconds
Platform modules already initialized, skipping
Shader 'Universal Render Pipeline/Particles/Lit': fallback shader 'Universal Render Pipeline/Particles/SimpleLit' not found
Refreshing native plugins compatible for Editor in 0.62 ms, found 1 plugins.
Preloading 0 native plugins for Editor in 0.00 ms.
Unloading 2994 Unused Serialized files (Serialized files now loaded: 0)
System memory in use before: 157.5 MB.
System memory in use after: 157.6 MB.

Unloading 14 unused Assets to reduce memory usage. Loaded Objects now: 3637.
Total: 2.931700 ms (FindLiveObjects: 0.297200 ms CreateObjectMapping: 0.153600 ms MarkObjects: 2.364800 ms  DeleteObjects: 0.115300 ms)

========================================================================
Received Import Request.
  Time since last request: 35.289534 seconds.
  path: Assets/Prefabs/Mage.prefab
  artifactKey: Guid(ee8773996318a65478642179e5891d76) Importer(815301076,1909f56bfc062723c751e8b465ee728b)
Start importing Assets/Prefabs/Mage.prefab using Guid(ee8773996318a65478642179e5891d76) Importer(815301076,1909f56bfc062723c751e8b465ee728b)  -> (artifact id: '36bf003e4c4f1c46d353dd3df5be0492') in 0.151441 seconds
  Import took 0.185147 seconds .

========================================================================
Received Prepare
Registering precompiled user dll's ...
Registered in 0.001534 seconds.
Begin MonoManager ReloadAssembly
Native extension for WindowsStandalone target not found
Refreshing native plugins compatible for Editor in 0.85 ms, found 1 plugins.
Preloading 0 native plugins for Editor in 0.00 ms.
Mono: successfully reloaded assembly
- Completed reload, in  0.923 seconds
Platform modules already initialized, skipping
Shader 'Universal Render Pipeline/Particles/Lit': fallback shader 'Universal Render Pipeline/Particles/SimpleLit' not found
Refreshing native plugins compatible for Editor in 0.58 ms, found 1 plugins.
Preloading 0 native plugins for Editor in 0.00 ms.
Unloading 2994 Unused Serialized files (Serialized files now loaded: 0)
System memory in use before: 157.6 MB.
System memory in use after: 157.7 MB.

Unloading 14 unused Assets to reduce memory usage. Loaded Objects now: 3677.
Total: 3.349600 ms (FindLiveObjects: 0.602400 ms CreateObjectMapping: 0.308700 ms MarkObjects: 2.319300 ms  DeleteObjects: 0.117600 ms)

========================================================================
Received Import Request.
  Time since last request: 173.553594 seconds.
  path: Assets/Prefabs/Bullet 1.prefab
  artifactKey: Guid(a449bff9663cef84a8469ac0c5ee1ad5) Importer(815301076,1909f56bfc062723c751e8b465ee728b)
Start importing Assets/Prefabs/Bullet 1.prefab using Guid(a449bff9663cef84a8469ac0c5ee1ad5) Importer(815301076,1909f56bfc062723c751e8b465ee728b)  -> (artifact id: '9e2461419b85dc63a959beb257cba9dd') in 0.159259 seconds
  Import took 0.181879 seconds .

========================================================================
Received Import Request.
  Time since last request: 0.001104 seconds.
  path: Assets/Prefabs/Bullet 1.prefab
  artifactKey: Guid(a449bff9663cef84a8469ac0c5ee1ad5) Importer(815301076,1909f56bfc062723c751e8b465ee728b)
Start importing Assets/Prefabs/Bullet 1.prefab using Guid(a449bff9663cef84a8469ac0c5ee1ad5) Importer(815301076,1909f56bfc062723c751e8b465ee728b)  -> (artifact id: '9e2461419b85dc63a959beb257cba9dd') in 0.031489 seconds
  Import took 0.037810 seconds .

========================================================================
Received Import Request.
  Time since last request: 9.587845 seconds.
  path: Assets/Prefabs/EnemyBullet.prefab
  artifactKey: Guid(a449bff9663cef84a8469ac0c5ee1ad5) Importer(815301076,1909f56bfc062723c751e8b465ee728b)
Start importing Assets/Prefabs/EnemyBullet.prefab using Guid(a449bff9663cef84a8469ac0c5ee1ad5) Importer(815301076,1909f56bfc062723c751e8b465ee728b)  -> (artifact id: 'b2daba921949b7cf9d571a6d030bfa7d') in 0.017323 seconds
  Import took 0.022660 seconds .

========================================================================
Received Import Request.
  Time since last request: 22.634396 seconds.
  path: Assets/Prefabs/EnemyBullet.prefab
  artifactKey: Guid(a449bff9663cef84a8469ac0c5ee1ad5) Importer(815301076,1909f56bfc062723c751e8b465ee728b)
Start importing Assets/Prefabs/EnemyBullet.prefab using Guid(a449bff9663cef84a8469ac0c5ee1ad5) Importer(815301076,1909f56bfc062723c751e8b465ee728b)  -> (artifact id: '9c1939d844105db511354e99a55c9bab') in 0.055836 seconds
  Import took 0.140462 seconds .

========================================================================
Received Prepare
Registering precompiled user dll's ...
Registered in 0.001625 seconds.
Begin MonoManager ReloadAssembly
Native extension for WindowsStandalone target not found
Refreshing native plugins compatible for Editor in 0.56 ms, found 1 plugins.
Preloading 0 native plugins for Editor in 0.00 ms.
Mono: successfully reloaded assembly
- Completed reload, in  0.898 seconds
Platform modules already initialized, skipping
Shader 'Universal Render Pipeline/Particles/Lit': fallback shader 'Universal Render Pipeline/Particles/SimpleLit' not found
Refreshing native plugins compatible for Editor in 0.59 ms, found 1 plugins.
Preloading 0 native plugins for Editor in 0.00 ms.
Unloading 2995 Unused Serialized files (Serialized files now loaded: 0)
System memory in use before: 157.8 MB.
System memory in use after: 157.9 MB.

Unloading 14 unused Assets to reduce memory usage. Loaded Objects now: 3718.
Total: 2.724300 ms (FindLiveObjects: 0.281500 ms CreateObjectMapping: 0.125200 ms MarkObjects: 2.201800 ms  DeleteObjects: 0.115000 ms)

========================================================================
Received Import Request.
  Time since last request: 55.017342 seconds.
  path: Assets/EnemyShooting.cs
  artifactKey: Guid(161760177cf6b7543818d127807cb59e) Importer(815301076,1909f56bfc062723c751e8b465ee728b)
Start importing Assets/EnemyShooting.cs using Guid(161760177cf6b7543818d127807cb59e) Importer(815301076,1909f56bfc062723c751e8b465ee728b)  -> (artifact id: 'fd9c1629e6f538baed9b82aa3c032424') in 0.011707 seconds
  Import took 0.120105 seconds .

========================================================================
Received Prepare
Registering precompiled user dll's ...
Registered in 0.001453 seconds.
Begin MonoManager ReloadAssembly
Native extension for WindowsStandalone target not found
Refreshing native plugins compatible for Editor in 0.56 ms, found 1 plugins.
Preloading 0 native plugins for Editor in 0.00 ms.
Mono: successfully reloaded assembly
- Completed reload, in  0.874 seconds
Platform modules already initialized, skipping
Shader 'Universal Render Pipeline/Particles/Lit': fallback shader 'Universal Render Pipeline/Particles/SimpleLit' not found
Refreshing native plugins compatible for Editor in 0.60 ms, found 1 plugins.
Preloading 0 native plugins for Editor in 0.00 ms.
Unloading 2995 Unused Serialized files (Serialized files now loaded: 0)
System memory in use before: 157.8 MB.
System memory in use after: 157.9 MB.

Unloading 14 unused Assets to reduce memory usage. Loaded Objects now: 3722.
Total: 2.880000 ms (FindLiveObjects: 0.446400 ms CreateObjectMapping: 0.140300 ms MarkObjects: 2.169800 ms  DeleteObjects: 0.122300 ms)

========================================================================
Received Import Request.
  Time since last request: 17.433102 seconds.
  path: Assets/Prefabs/EnemyBullet.prefab
  artifactKey: Guid(a449bff9663cef84a8469ac0c5ee1ad5) Importer(815301076,1909f56bfc062723c751e8b465ee728b)
Start importing Assets/Prefabs/EnemyBullet.prefab using Guid(a449bff9663cef84a8469ac0c5ee1ad5) Importer(815301076,1909f56bfc062723c751e8b465ee728b)  -> (artifact id: '7fd0c8bb3c08483a276e242588283fe1') in 0.165595 seconds
  Import took 0.190166 seconds .

========================================================================
Received Prepare
Registering precompiled user dll's ...
Registered in 0.001532 seconds.
Begin MonoManager ReloadAssembly
Native extension for WindowsStandalone target not found
Refreshing native plugins compatible for Editor in 0.71 ms, found 1 plugins.
Preloading 0 native plugins for Editor in 0.00 ms.
Mono: successfully reloaded assembly
- Completed reload, in  0.950 seconds
Platform modules already initialized, skipping
Shader 'Universal Render Pipeline/Particles/Lit': fallback shader 'Universal Render Pipeline/Particles/SimpleLit' not found
Refreshing native plugins compatible for Editor in 0.60 ms, found 1 plugins.
Preloading 0 native plugins for Editor in 0.00 ms.
Unloading 2995 Unused Serialized files (Serialized files now loaded: 0)
System memory in use before: 157.9 MB.
System memory in use after: 158.0 MB.

Unloading 14 unused Assets to reduce memory usage. Loaded Objects now: 3762.
Total: 6.219100 ms (FindLiveObjects: 1.005000 ms CreateObjectMapping: 0.326000 ms MarkObjects: 4.669500 ms  DeleteObjects: 0.212200 ms)

========================================================================
Received Import Request.
  Time since last request: 111.861956 seconds.
  path: Assets/Scripts/EnemyShooting.cs
  artifactKey: Guid(161760177cf6b7543818d127807cb59e) Importer(815301076,1909f56bfc062723c751e8b465ee728b)
Start importing Assets/Scripts/EnemyShooting.cs using Guid(161760177cf6b7543818d127807cb59e) Importer(815301076,1909f56bfc062723c751e8b465ee728b)  -> (artifact id: '1cbfc478e3e6a30004a61fc07cbb8a9c') in 0.004469 seconds
  Import took 0.060453 seconds .

========================================================================
Received Import Request.
  Time since last request: 249.179475 seconds.
  path: Assets/Scripts/EnemyShooting.cs
  artifactKey: Guid(161760177cf6b7543818d127807cb59e) Importer(815301076,1909f56bfc062723c751e8b465ee728b)
Start importing Assets/Scripts/EnemyShooting.cs using Guid(161760177cf6b7543818d127807cb59e) Importer(815301076,1909f56bfc062723c751e8b465ee728b)  -> (artifact id: 'eb1e9b2388060430c9e36ab7566d9cb9') in 0.001386 seconds
  Import took 0.008112 seconds .

========================================================================
Received Import Request.
  Time since last request: 0.011150 seconds.
  path: Assets/Scripts/EnemyShooting.cs
  artifactKey: Guid(161760177cf6b7543818d127807cb59e) Importer(815301076,1909f56bfc062723c751e8b465ee728b)
Start importing Assets/Scripts/EnemyShooting.cs using Guid(161760177cf6b7543818d127807cb59e) Importer(815301076,1909f56bfc062723c751e8b465ee728b)  -> (artifact id: 'eb1e9b2388060430c9e36ab7566d9cb9') in 0.001605 seconds
  Import took 0.007952 seconds .

========================================================================
Received Prepare
Registering precompiled user dll's ...
Registered in 0.001559 seconds.
Begin MonoManager ReloadAssembly
Native extension for WindowsStandalone target not found
Refreshing native plugins compatible for Editor in 0.65 ms, found 1 plugins.
Preloading 0 native plugins for Editor in 0.00 ms.
Mono: successfully reloaded assembly
- Completed reload, in  0.901 seconds
Platform modules already initialized, skipping
Shader 'Universal Render Pipeline/Particles/Lit': fallback shader 'Universal Render Pipeline/Particles/SimpleLit' not found
Refreshing native plugins compatible for Editor in 0.58 ms, found 1 plugins.
Preloading 0 native plugins for Editor in 0.00 ms.
Unloading 2995 Unused Serialized files (Serialized files now loaded: 0)
System memory in use before: 158.0 MB.
System memory in use after: 158.1 MB.

Unloading 14 unused Assets to reduce memory usage. Loaded Objects now: 3766.
Total: 3.096100 ms (FindLiveObjects: 0.350500 ms CreateObjectMapping: 0.197200 ms MarkObjects: 2.414500 ms  DeleteObjects: 0.132800 ms)

========================================================================
Received Import Request.
  Time since last request: 21.410514 seconds.
  path: Assets/Prefabs/EnemyBullet.prefab
  artifactKey: Guid(a449bff9663cef84a8469ac0c5ee1ad5) Importer(815301076,1909f56bfc062723c751e8b465ee728b)
Start importing Assets/Prefabs/EnemyBullet.prefab using Guid(a449bff9663cef84a8469ac0c5ee1ad5) Importer(815301076,1909f56bfc062723c751e8b465ee728b)  -> (artifact id: '4eb84e7a50f054572bb15a8c7ab02bea') in 0.132867 seconds
  Import took 0.138115 seconds .

========================================================================
Received Import Request.
  Time since last request: 6.009272 seconds.
  path: Assets/Prefabs/Mage.prefab
  artifactKey: Guid(ee8773996318a65478642179e5891d76) Importer(815301076,1909f56bfc062723c751e8b465ee728b)
Start importing Assets/Prefabs/Mage.prefab using Guid(ee8773996318a65478642179e5891d76) Importer(815301076,1909f56bfc062723c751e8b465ee728b)  -> (artifact id: '2de4b18e0e998dc7407b54bb61afcc3b') in 0.012835 seconds
  Import took 0.021085 seconds .

========================================================================
Received Import Request.
  Time since last request: 0.013788 seconds.
  path: Assets/Prefabs/Mage.prefab
  artifactKey: Guid(ee8773996318a65478642179e5891d76) Importer(815301076,1909f56bfc062723c751e8b465ee728b)
Start importing Assets/Prefabs/Mage.prefab using Guid(ee8773996318a65478642179e5891d76) Importer(815301076,1909f56bfc062723c751e8b465ee728b)  -> (artifact id: '2de4b18e0e998dc7407b54bb61afcc3b') in 0.009221 seconds
  Import took 0.014951 seconds .

========================================================================
Received Prepare
Registering precompiled user dll's ...
Registered in 0.001485 seconds.
Begin MonoManager ReloadAssembly
Native extension for WindowsStandalone target not found
Refreshing native plugins compatible for Editor in 0.59 ms, found 1 plugins.
Preloading 0 native plugins for Editor in 0.00 ms.
Mono: successfully reloaded assembly
- Completed reload, in  0.967 seconds
Platform modules already initialized, skipping
Shader 'Universal Render Pipeline/Particles/Lit': fallback shader 'Universal Render Pipeline/Particles/SimpleLit' not found
Refreshing native plugins compatible for Editor in 0.57 ms, found 1 plugins.
Preloading 0 native plugins for Editor in 0.00 ms.
Unloading 2995 Unused Serialized files (Serialized files now loaded: 0)
System memory in use before: 158.1 MB.
System memory in use after: 158.2 MB.

Unloading 14 unused Assets to reduce memory usage. Loaded Objects now: 3806.
Total: 4.352600 ms (FindLiveObjects: 0.446300 ms CreateObjectMapping: 0.225800 ms MarkObjects: 3.489400 ms  DeleteObjects: 0.189200 ms)

========================================================================
Received Prepare
Registering precompiled user dll's ...
Registered in 0.002177 seconds.
Begin MonoManager ReloadAssembly
Native extension for WindowsStandalone target not found
Refreshing native plugins compatible for Editor in 0.59 ms, found 1 plugins.
Preloading 0 native plugins for Editor in 0.00 ms.
Mono: successfully reloaded assembly
- Completed reload, in  0.909 seconds
Platform modules already initialized, skipping
Shader 'Universal Render Pipeline/Particles/Lit': fallback shader 'Universal Render Pipeline/Particles/SimpleLit' not found
Refreshing native plugins compatible for Editor in 0.58 ms, found 1 plugins.
Preloading 0 native plugins for Editor in 0.00 ms.
Unloading 2995 Unused Serialized files (Serialized files now loaded: 0)
System memory in use before: 158.1 MB.
System memory in use after: 158.2 MB.

Unloading 14 unused Assets to reduce memory usage. Loaded Objects now: 3810.
Total: 3.199000 ms (FindLiveObjects: 0.533400 ms CreateObjectMapping: 0.274400 ms MarkObjects: 2.271000 ms  DeleteObjects: 0.119100 ms)

========================================================================
Received Prepare
Registering precompiled user dll's ...
Registered in 0.001499 seconds.
Begin MonoManager ReloadAssembly
Native extension for WindowsStandalone target not found
Refreshing native plugins compatible for Editor in 0.63 ms, found 1 plugins.
Preloading 0 native plugins for Editor in 0.00 ms.
Mono: successfully reloaded assembly
- Completed reload, in  0.899 seconds
Platform modules already initialized, skipping
Shader 'Universal Render Pipeline/Particles/Lit': fallback shader 'Universal Render Pipeline/Particles/SimpleLit' not found
Refreshing native plugins compatible for Editor in 0.60 ms, found 1 plugins.
Preloading 0 native plugins for Editor in 0.00 ms.
Unloading 2995 Unused Serialized files (Serialized files now loaded: 0)
System memory in use before: 158.1 MB.
System memory in use after: 158.2 MB.

Unloading 14 unused Assets to reduce memory usage. Loaded Objects now: 3814.
Total: 5.179800 ms (FindLiveObjects: 0.463800 ms CreateObjectMapping: 0.270100 ms MarkObjects: 4.268500 ms  DeleteObjects: 0.175600 ms)

========================================================================
Received Prepare
Registering precompiled user dll's ...
Registered in 0.001763 seconds.
Begin MonoManager ReloadAssembly
Native extension for WindowsStandalone target not found
Refreshing native plugins compatible for Editor in 0.57 ms, found 1 plugins.
Preloading 0 native plugins for Editor in 0.00 ms.
Mono: successfully reloaded assembly
- Completed reload, in  0.880 seconds
Platform modules already initialized, skipping
Shader 'Universal Render Pipeline/Particles/Lit': fallback shader 'Universal Render Pipeline/Particles/SimpleLit' not found
Refreshing native plugins compatible for Editor in 0.58 ms, found 1 plugins.
Preloading 0 native plugins for Editor in 0.00 ms.
Unloading 2995 Unused Serialized files (Serialized files now loaded: 0)
System memory in use before: 158.1 MB.
System memory in use after: 158.2 MB.

Unloading 14 unused Assets to reduce memory usage. Loaded Objects now: 3818.
Total: 3.242300 ms (FindLiveObjects: 0.536700 ms CreateObjectMapping: 0.249100 ms MarkObjects: 2.331200 ms  DeleteObjects: 0.124100 ms)

========================================================================
Received Import Request.
  Time since last request: 169.755002 seconds.
  path: Assets/Prefabs/EnemyBullet.prefab
  artifactKey: Guid(a449bff9663cef84a8469ac0c5ee1ad5) Importer(815301076,1909f56bfc062723c751e8b465ee728b)
Start importing Assets/Prefabs/EnemyBullet.prefab using Guid(a449bff9663cef84a8469ac0c5ee1ad5) Importer(815301076,1909f56bfc062723c751e8b465ee728b)  -> (artifact id: '907279f5292b8f2c4e25a99a14744e4f') in 0.149039 seconds
  Import took 0.167118 seconds .

========================================================================
Received Prepare
Registering precompiled user dll's ...
Registered in 0.001513 seconds.
Begin MonoManager ReloadAssembly
Native extension for WindowsStandalone target not found
Refreshing native plugins compatible for Editor in 0.56 ms, found 1 plugins.
Preloading 0 native plugins for Editor in 0.00 ms.
Mono: successfully reloaded assembly
- Completed reload, in  0.870 seconds
Platform modules already initialized, skipping
Shader 'Universal Render Pipeline/Particles/Lit': fallback shader 'Universal Render Pipeline/Particles/SimpleLit' not found
Refreshing native plugins compatible for Editor in 0.58 ms, found 1 plugins.
Preloading 0 native plugins for Editor in 0.00 ms.
Unloading 2995 Unused Serialized files (Serialized files now loaded: 0)
System memory in use before: 158.0 MB.
System memory in use after: 158.1 MB.

Unloading 14 unused Assets to reduce memory usage. Loaded Objects now: 3858.
Total: 2.991600 ms (FindLiveObjects: 0.347300 ms CreateObjectMapping: 0.134000 ms MarkObjects: 2.380600 ms  DeleteObjects: 0.128100 ms)

========================================================================
Received Import Request.
  Time since last request: 30.030574 seconds.
  path: Assets/Prefabs/EnemyBullet.prefab
  artifactKey: Guid(a449bff9663cef84a8469ac0c5ee1ad5) Importer(815301076,1909f56bfc062723c751e8b465ee728b)
Start importing Assets/Prefabs/EnemyBullet.prefab using Guid(a449bff9663cef84a8469ac0c5ee1ad5) Importer(815301076,1909f56bfc062723c751e8b465ee728b)  -> (artifact id: '38714157a1bd0e74f2c6f07f315e1c66') in 0.139395 seconds
  Import took 0.144640 seconds .

========================================================================
Received Prepare
Registering precompiled user dll's ...
Registered in 0.001497 seconds.
Begin MonoManager ReloadAssembly
Native extension for WindowsStandalone target not found
Refreshing native plugins compatible for Editor in 0.58 ms, found 1 plugins.
Preloading 0 native plugins for Editor in 0.00 ms.
Mono: successfully reloaded assembly
- Completed reload, in  0.913 seconds
Platform modules already initialized, skipping
Shader 'Universal Render Pipeline/Particles/Lit': fallback shader 'Universal Render Pipeline/Particles/SimpleLit' not found
Refreshing native plugins compatible for Editor in 0.66 ms, found 1 plugins.
Preloading 0 native plugins for Editor in 0.00 ms.
Unloading 2995 Unused Serialized files (Serialized files now loaded: 0)
System memory in use before: 158.1 MB.
System memory in use after: 158.2 MB.

Unloading 14 unused Assets to reduce memory usage. Loaded Objects now: 3898.
Total: 3.423700 ms (FindLiveObjects: 0.369700 ms CreateObjectMapping: 0.251300 ms MarkObjects: 2.672400 ms  DeleteObjects: 0.129500 ms)

========================================================================
Received Import Request.
  Time since last request: 20.935669 seconds.
  path: Assets/Prefabs/EnemyBullet.prefab
  artifactKey: Guid(a449bff9663cef84a8469ac0c5ee1ad5) Importer(815301076,1909f56bfc062723c751e8b465ee728b)
Start importing Assets/Prefabs/EnemyBullet.prefab using Guid(a449bff9663cef84a8469ac0c5ee1ad5) Importer(815301076,1909f56bfc062723c751e8b465ee728b)  -> (artifact id: '65a15b31284a7f9ee45c7a1c78fd4bb1') in 0.145253 seconds
  Import took 0.165245 seconds .

========================================================================
Received Prepare
Registering precompiled user dll's ...
Registered in 0.002086 seconds.
Begin MonoManager ReloadAssembly
Native extension for WindowsStandalone target not found
Refreshing native plugins compatible for Editor in 0.56 ms, found 1 plugins.
Preloading 0 native plugins for Editor in 0.00 ms.
Mono: successfully reloaded assembly
- Completed reload, in  0.897 seconds
Platform modules already initialized, skipping
Shader 'Universal Render Pipeline/Particles/Lit': fallback shader 'Universal Render Pipeline/Particles/SimpleLit' not found
Refreshing native plugins compatible for Editor in 0.57 ms, found 1 plugins.
Preloading 0 native plugins for Editor in 0.00 ms.
Unloading 2995 Unused Serialized files (Serialized files now loaded: 0)
System memory in use before: 158.3 MB.
System memory in use after: 158.4 MB.

Unloading 14 unused Assets to reduce memory usage. Loaded Objects now: 3938.
Total: 2.840600 ms (FindLiveObjects: 0.315200 ms CreateObjectMapping: 0.143600 ms MarkObjects: 2.233300 ms  DeleteObjects: 0.147500 ms)

========================================================================
Received Import Request.
  Time since last request: 29.398556 seconds.
  path: Assets/Prefabs/EnemyBullet.prefab
  artifactKey: Guid(a449bff9663cef84a8469ac0c5ee1ad5) Importer(815301076,1909f56bfc062723c751e8b465ee728b)
Start importing Assets/Prefabs/EnemyBullet.prefab using Guid(a449bff9663cef84a8469ac0c5ee1ad5) Importer(815301076,1909f56bfc062723c751e8b465ee728b)  -> (artifact id: 'da7de4e8b0947f58234d133ba6cc3d41') in 0.156638 seconds
  Import took 0.162318 seconds .

========================================================================
Received Prepare
Registering precompiled user dll's ...
Registered in 0.001555 seconds.
Begin MonoManager ReloadAssembly
Native extension for WindowsStandalone target not found
Refreshing native plugins compatible for Editor in 0.57 ms, found 1 plugins.
Preloading 0 native plugins for Editor in 0.00 ms.
Mono: successfully reloaded assembly
- Completed reload, in  0.904 seconds
Platform modules already initialized, skipping
Shader 'Universal Render Pipeline/Particles/Lit': fallback shader 'Universal Render Pipeline/Particles/SimpleLit' not found
Refreshing native plugins compatible for Editor in 0.57 ms, found 1 plugins.
Preloading 0 native plugins for Editor in 0.00 ms.
Unloading 2995 Unused Serialized files (Serialized files now loaded: 0)
System memory in use before: 158.4 MB.
System memory in use after: 158.5 MB.

Unloading 14 unused Assets to reduce memory usage. Loaded Objects now: 3978.
Total: 3.693000 ms (FindLiveObjects: 0.523300 ms CreateObjectMapping: 0.217600 ms MarkObjects: 2.819100 ms  DeleteObjects: 0.131900 ms)

========================================================================
Received Prepare
Registering precompiled user dll's ...
Registered in 0.001537 seconds.
Begin MonoManager ReloadAssembly
Native extension for WindowsStandalone target not found
Refreshing native plugins compatible for Editor in 0.69 ms, found 1 plugins.
Preloading 0 native plugins for Editor in 0.00 ms.
Mono: successfully reloaded assembly
- Completed reload, in  0.896 seconds
Platform modules already initialized, skipping
Shader 'Universal Render Pipeline/Particles/Lit': fallback shader 'Universal Render Pipeline/Particles/SimpleLit' not found
Refreshing native plugins compatible for Editor in 0.56 ms, found 1 plugins.
Preloading 0 native plugins for Editor in 0.00 ms.
Unloading 2995 Unused Serialized files (Serialized files now loaded: 0)
System memory in use before: 158.4 MB.
System memory in use after: 158.5 MB.

Unloading 14 unused Assets to reduce memory usage. Loaded Objects now: 3982.
Total: 3.073800 ms (FindLiveObjects: 0.476900 ms CreateObjectMapping: 0.173500 ms MarkObjects: 2.298100 ms  DeleteObjects: 0.124400 ms)

========================================================================
Received Prepare
Registering precompiled user dll's ...
Registered in 0.001505 seconds.
Begin MonoManager ReloadAssembly
Native extension for WindowsStandalone target not found
Refreshing native plugins compatible for Editor in 0.58 ms, found 1 plugins.
Preloading 0 native plugins for Editor in 0.00 ms.
Mono: successfully reloaded assembly
- Completed reload, in  0.941 seconds
Platform modules already initialized, skipping
Shader 'Universal Render Pipeline/Particles/Lit': fallback shader 'Universal Render Pipeline/Particles/SimpleLit' not found
Refreshing native plugins compatible for Editor in 0.63 ms, found 1 plugins.
Preloading 0 native plugins for Editor in 0.00 ms.
Unloading 2995 Unused Serialized files (Serialized files now loaded: 0)
System memory in use before: 158.4 MB.
System memory in use after: 158.5 MB.

Unloading 14 unused Assets to reduce memory usage. Loaded Objects now: 3986.
Total: 3.598400 ms (FindLiveObjects: 0.356300 ms CreateObjectMapping: 0.164100 ms MarkObjects: 2.933200 ms  DeleteObjects: 0.143900 ms)

========================================================================
Received Import Request.
  Time since last request: 172.472472 seconds.
  path: Assets/Prefabs/EnemyBullet.prefab
  artifactKey: Guid(a449bff9663cef84a8469ac0c5ee1ad5) Importer(815301076,1909f56bfc062723c751e8b465ee728b)
Start importing Assets/Prefabs/EnemyBullet.prefab using Guid(a449bff9663cef84a8469ac0c5ee1ad5) Importer(815301076,1909f56bfc062723c751e8b465ee728b)  -> (artifact id: '5937e86d1c59a25bb3f42f169fb481f2') in 0.141300 seconds
  Import took 0.146909 seconds .

========================================================================
Received Prepare
Registering precompiled user dll's ...
Registered in 0.001538 seconds.
Begin MonoManager ReloadAssembly
Native extension for WindowsStandalone target not found
Refreshing native plugins compatible for Editor in 0.58 ms, found 1 plugins.
Preloading 0 native plugins for Editor in 0.00 ms.
Mono: successfully reloaded assembly
- Completed reload, in  0.890 seconds
Platform modules already initialized, skipping
Shader 'Universal Render Pipeline/Particles/Lit': fallback shader 'Universal Render Pipeline/Particles/SimpleLit' not found
Refreshing native plugins compatible for Editor in 0.65 ms, found 1 plugins.
Preloading 0 native plugins for Editor in 0.00 ms.
Unloading 2995 Unused Serialized files (Serialized files now loaded: 0)
System memory in use before: 158.6 MB.
System memory in use after: 158.7 MB.

Unloading 14 unused Assets to reduce memory usage. Loaded Objects now: 4026.
Total: 4.031600 ms (FindLiveObjects: 0.547400 ms CreateObjectMapping: 0.228300 ms MarkObjects: 3.116700 ms  DeleteObjects: 0.137700 ms)

========================================================================
Received Import Request.
  Time since last request: 23.135261 seconds.
  path: Assets/Prefabs/EnemyBullet.prefab
  artifactKey: Guid(a449bff9663cef84a8469ac0c5ee1ad5) Importer(815301076,1909f56bfc062723c751e8b465ee728b)
Start importing Assets/Prefabs/EnemyBullet.prefab using Guid(a449bff9663cef84a8469ac0c5ee1ad5) Importer(815301076,1909f56bfc062723c751e8b465ee728b)  -> (artifact id: '4906c118f86f6b4f225298d0eb1f17a5') in 0.139485 seconds
  Import took 0.144746 seconds .

========================================================================
Received Prepare
Registering precompiled user dll's ...
Registered in 0.001517 seconds.
Begin MonoManager ReloadAssembly
Native extension for WindowsStandalone target not found
Refreshing native plugins compatible for Editor in 0.64 ms, found 1 plugins.
Preloading 0 native plugins for Editor in 0.00 ms.
Mono: successfully reloaded assembly
- Completed reload, in  0.918 seconds
Platform modules already initialized, skipping
Shader 'Universal Render Pipeline/Particles/Lit': fallback shader 'Universal Render Pipeline/Particles/SimpleLit' not found
Refreshing native plugins compatible for Editor in 0.56 ms, found 1 plugins.
Preloading 0 native plugins for Editor in 0.00 ms.
Unloading 2995 Unused Serialized files (Serialized files now loaded: 0)
System memory in use before: 158.7 MB.
System memory in use after: 158.8 MB.

Unloading 14 unused Assets to reduce memory usage. Loaded Objects now: 4066.
Total: 2.939700 ms (FindLiveObjects: 0.315000 ms CreateObjectMapping: 0.141400 ms MarkObjects: 2.363000 ms  DeleteObjects: 0.119300 ms)

========================================================================
Received Import Request.
  Time since last request: 41.305833 seconds.
  path: ProjectSettings/TagManager.asset
  artifactKey: Guid(00000000000000003000000000000000) Importer(815301076,1909f56bfc062723c751e8b465ee728b)
Start importing ProjectSettings/TagManager.asset using Guid(00000000000000003000000000000000) Importer(815301076,1909f56bfc062723c751e8b465ee728b)  -> (artifact id: 'd1eafe200d703c96ebce7dada20bf091') in 0.023496 seconds
  Import took 0.029212 seconds .

========================================================================
Received Import Request.
  Time since last request: 0.001526 seconds.
  path: ProjectSettings/TagManager.asset
  artifactKey: Guid(00000000000000003000000000000000) Importer(815301076,1909f56bfc062723c751e8b465ee728b)
Start importing ProjectSettings/TagManager.asset using Guid(00000000000000003000000000000000) Importer(815301076,1909f56bfc062723c751e8b465ee728b)  -> (artifact id: 'd1eafe200d703c96ebce7dada20bf091') in 0.001920 seconds
  Import took 0.007593 seconds .

========================================================================
Received Import Request.
  Time since last request: 16.951498 seconds.
  path: Assets/Prefabs/EnemyBullet.prefab
  artifactKey: Guid(a449bff9663cef84a8469ac0c5ee1ad5) Importer(815301076,1909f56bfc062723c751e8b465ee728b)
Start importing Assets/Prefabs/EnemyBullet.prefab using Guid(a449bff9663cef84a8469ac0c5ee1ad5) Importer(815301076,1909f56bfc062723c751e8b465ee728b)  -> (artifact id: '5b6c42f8c9faeb35274cb24deb88ff35') in 0.143430 seconds
  Import took 0.167583 seconds .

========================================================================
Received Prepare
Registering precompiled user dll's ...
Registered in 0.001618 seconds.
Begin MonoManager ReloadAssembly
Native extension for WindowsStandalone target not found
Refreshing native plugins compatible for Editor in 0.56 ms, found 1 plugins.
Preloading 0 native plugins for Editor in 0.00 ms.
Mono: successfully reloaded assembly
- Completed reload, in  0.892 seconds
Platform modules already initialized, skipping
Shader 'Universal Render Pipeline/Particles/Lit': fallback shader 'Universal Render Pipeline/Particles/SimpleLit' not found
Refreshing native plugins compatible for Editor in 0.59 ms, found 1 plugins.
Preloading 0 native plugins for Editor in 0.00 ms.
Unloading 2995 Unused Serialized files (Serialized files now loaded: 0)
System memory in use before: 158.8 MB.
System memory in use after: 158.9 MB.

Unloading 16 unused Assets to reduce memory usage. Loaded Objects now: 4106.
Total: 3.358800 ms (FindLiveObjects: 0.359600 ms CreateObjectMapping: 0.113700 ms MarkObjects: 2.754600 ms  DeleteObjects: 0.129700 ms)

========================================================================
Received Import Request.
  Time since last request: 49.610208 seconds.
  path: Assets/Prefabs/Mage.prefab
  artifactKey: Guid(ee8773996318a65478642179e5891d76) Importer(815301076,1909f56bfc062723c751e8b465ee728b)
Start importing Assets/Prefabs/Mage.prefab using Guid(ee8773996318a65478642179e5891d76) Importer(815301076,1909f56bfc062723c751e8b465ee728b)  -> (artifact id: '44141679f71aeba05f3886985d006705') in 0.137713 seconds
  Import took 0.151745 seconds .

========================================================================
Received Prepare
Registering precompiled user dll's ...
Registered in 0.001530 seconds.
Begin MonoManager ReloadAssembly
Native extension for WindowsStandalone target not found
Refreshing native plugins compatible for Editor in 0.66 ms, found 1 plugins.
Preloading 0 native plugins for Editor in 0.00 ms.
Mono: successfully reloaded assembly
- Completed reload, in  1.029 seconds
Platform modules already initialized, skipping
Shader 'Universal Render Pipeline/Particles/Lit': fallback shader 'Universal Render Pipeline/Particles/SimpleLit' not found
Refreshing native plugins compatible for Editor in 0.63 ms, found 1 plugins.
Preloading 0 native plugins for Editor in 0.00 ms.
Unloading 2995 Unused Serialized files (Serialized files now loaded: 0)
System memory in use before: 158.9 MB.
System memory in use after: 159.0 MB.

Unloading 14 unused Assets to reduce memory usage. Loaded Objects now: 4146.
Total: 3.194400 ms (FindLiveObjects: 0.363700 ms CreateObjectMapping: 0.144400 ms MarkObjects: 2.560000 ms  DeleteObjects: 0.125300 ms)

========================================================================
Received Prepare
Registering precompiled user dll's ...
Registered in 0.002197 seconds.
Begin MonoManager ReloadAssembly
Native extension for WindowsStandalone target not found
Refreshing native plugins compatible for Editor in 0.69 ms, found 1 plugins.
Preloading 0 native plugins for Editor in 0.00 ms.
Mono: successfully reloaded assembly
- Completed reload, in  0.956 seconds
Platform modules already initialized, skipping
Shader 'Universal Render Pipeline/Particles/Lit': fallback shader 'Universal Render Pipeline/Particles/SimpleLit' not found
Refreshing native plugins compatible for Editor in 0.66 ms, found 1 plugins.
Preloading 0 native plugins for Editor in 0.00 ms.
Unloading 2995 Unused Serialized files (Serialized files now loaded: 0)
System memory in use before: 158.9 MB.
System memory in use after: 159.0 MB.

Unloading 14 unused Assets to reduce memory usage. Loaded Objects now: 4150.
Total: 3.177600 ms (FindLiveObjects: 0.344300 ms CreateObjectMapping: 0.142800 ms MarkObjects: 2.560500 ms  DeleteObjects: 0.129200 ms)

========================================================================
Received Prepare
Registering precompiled user dll's ...
Registered in 0.001496 seconds.
Begin MonoManager ReloadAssembly
Native extension for WindowsStandalone target not found
Refreshing native plugins compatible for Editor in 0.57 ms, found 1 plugins.
Preloading 0 native plugins for Editor in 0.00 ms.
Mono: successfully reloaded assembly
- Completed reload, in  0.912 seconds
Platform modules already initialized, skipping
Shader 'Universal Render Pipeline/Particles/Lit': fallback shader 'Universal Render Pipeline/Particles/SimpleLit' not found
Refreshing native plugins compatible for Editor in 0.64 ms, found 1 plugins.
Preloading 0 native plugins for Editor in 0.00 ms.
Unloading 2995 Unused Serialized files (Serialized files now loaded: 0)
System memory in use before: 158.9 MB.
System memory in use after: 159.0 MB.

Unloading 14 unused Assets to reduce memory usage. Loaded Objects now: 4154.
Total: 5.738000 ms (FindLiveObjects: 0.628200 ms CreateObjectMapping: 0.331800 ms MarkObjects: 4.567200 ms  DeleteObjects: 0.208300 ms)

========================================================================
Received Prepare
Registering precompiled user dll's ...
Registered in 0.001501 seconds.
Begin MonoManager ReloadAssembly
Native extension for WindowsStandalone target not found
Refreshing native plugins compatible for Editor in 0.57 ms, found 1 plugins.
Preloading 0 native plugins for Editor in 0.00 ms.
Mono: successfully reloaded assembly
- Completed reload, in  0.907 seconds
Platform modules already initialized, skipping
Shader 'Universal Render Pipeline/Particles/Lit': fallback shader 'Universal Render Pipeline/Particles/SimpleLit' not found
Refreshing native plugins compatible for Editor in 0.80 ms, found 1 plugins.
Preloading 0 native plugins for Editor in 0.00 ms.
Unloading 2995 Unused Serialized files (Serialized files now loaded: 0)
System memory in use before: 158.9 MB.
System memory in use after: 159.0 MB.

Unloading 14 unused Assets to reduce memory usage. Loaded Objects now: 4158.
Total: 4.046500 ms (FindLiveObjects: 0.382600 ms CreateObjectMapping: 0.197700 ms MarkObjects: 3.276500 ms  DeleteObjects: 0.187700 ms)

========================================================================
Received Prepare
Registering precompiled user dll's ...
Registered in 0.001481 seconds.
Begin MonoManager ReloadAssembly
Native extension for WindowsStandalone target not found
Refreshing native plugins compatible for Editor in 1.12 ms, found 1 plugins.
Preloading 0 native plugins for Editor in 0.00 ms.
Mono: successfully reloaded assembly
- Completed reload, in  1.024 seconds
Platform modules already initialized, skipping
Shader 'Universal Render Pipeline/Particles/Lit': fallback shader 'Universal Render Pipeline/Particles/SimpleLit' not found
Refreshing native plugins compatible for Editor in 0.60 ms, found 1 plugins.
Preloading 0 native plugins for Editor in 0.00 ms.
Unloading 2995 Unused Serialized files (Serialized files now loaded: 0)
System memory in use before: 158.9 MB.
System memory in use after: 159.0 MB.

Unloading 14 unused Assets to reduce memory usage. Loaded Objects now: 4162.
Total: 3.673400 ms (FindLiveObjects: 0.534800 ms CreateObjectMapping: 0.198600 ms MarkObjects: 2.808300 ms  DeleteObjects: 0.130600 ms)

========================================================================
Received Prepare
Registering precompiled user dll's ...
Registered in 0.001513 seconds.
Begin MonoManager ReloadAssembly
Native extension for WindowsStandalone target not found
Refreshing native plugins compatible for Editor in 0.56 ms, found 1 plugins.
Preloading 0 native plugins for Editor in 0.00 ms.
Mono: successfully reloaded assembly
- Completed reload, in  0.905 seconds
Platform modules already initialized, skipping
Shader 'Universal Render Pipeline/Particles/Lit': fallback shader 'Universal Render Pipeline/Particles/SimpleLit' not found
Refreshing native plugins compatible for Editor in 0.58 ms, found 1 plugins.
Preloading 0 native plugins for Editor in 0.00 ms.
Unloading 2995 Unused Serialized files (Serialized files now loaded: 0)
System memory in use before: 158.9 MB.
System memory in use after: 159.0 MB.

Unloading 14 unused Assets to reduce memory usage. Loaded Objects now: 4166.
Total: 3.407400 ms (FindLiveObjects: 0.375500 ms CreateObjectMapping: 0.174300 ms MarkObjects: 2.724800 ms  DeleteObjects: 0.131500 ms)

========================================================================
Received Prepare
Registering precompiled user dll's ...
Registered in 0.001516 seconds.
Begin MonoManager ReloadAssembly
Native extension for WindowsStandalone target not found
Refreshing native plugins compatible for Editor in 0.57 ms, found 1 plugins.
Preloading 0 native plugins for Editor in 0.00 ms.
Mono: successfully reloaded assembly
- Completed reload, in  0.912 seconds
Platform modules already initialized, skipping
Shader 'Universal Render Pipeline/Particles/Lit': fallback shader 'Universal Render Pipeline/Particles/SimpleLit' not found
Refreshing native plugins compatible for Editor in 0.59 ms, found 1 plugins.
Preloading 0 native plugins for Editor in 0.00 ms.
Unloading 2995 Unused Serialized files (Serialized files now loaded: 0)
System memory in use before: 158.9 MB.
System memory in use after: 159.0 MB.

Unloading 14 unused Assets to reduce memory usage. Loaded Objects now: 4170.
Total: 6.284600 ms (FindLiveObjects: 0.626700 ms CreateObjectMapping: 0.363100 ms MarkObjects: 5.094300 ms  DeleteObjects: 0.198400 ms)

========================================================================
Received Prepare
Registering precompiled user dll's ...
Registered in 0.001765 seconds.
Begin MonoManager ReloadAssembly
Native extension for WindowsStandalone target not found
Refreshing native plugins compatible for Editor in 0.65 ms, found 1 plugins.
Preloading 0 native plugins for Editor in 0.00 ms.
Mono: successfully reloaded assembly
- Completed reload, in  0.979 seconds
Platform modules already initialized, skipping
Shader 'Universal Render Pipeline/Particles/Lit': fallback shader 'Universal Render Pipeline/Particles/SimpleLit' not found
Refreshing native plugins compatible for Editor in 0.69 ms, found 1 plugins.
Preloading 0 native plugins for Editor in 0.00 ms.
Unloading 2995 Unused Serialized files (Serialized files now loaded: 0)
System memory in use before: 158.9 MB.
System memory in use after: 159.0 MB.

Unloading 14 unused Assets to reduce memory usage. Loaded Objects now: 4174.
Total: 3.442200 ms (FindLiveObjects: 0.336500 ms CreateObjectMapping: 0.136900 ms MarkObjects: 2.834800 ms  DeleteObjects: 0.132900 ms)

========================================================================
Received Prepare
Registering precompiled user dll's ...
Registered in 0.001772 seconds.
Begin MonoManager ReloadAssembly
Native extension for WindowsStandalone target not found
Refreshing native plugins compatible for Editor in 0.58 ms, found 1 plugins.
Preloading 0 native plugins for Editor in 0.00 ms.
Mono: successfully reloaded assembly
- Completed reload, in  0.978 seconds
Platform modules already initialized, skipping
Shader 'Universal Render Pipeline/Particles/Lit': fallback shader 'Universal Render Pipeline/Particles/SimpleLit' not found
Refreshing native plugins compatible for Editor in 0.64 ms, found 1 plugins.
Preloading 0 native plugins for Editor in 0.00 ms.
Unloading 2995 Unused Serialized files (Serialized files now loaded: 0)
System memory in use before: 159.0 MB.
System memory in use after: 159.1 MB.

Unloading 14 unused Assets to reduce memory usage. Loaded Objects now: 4178.
Total: 3.342900 ms (FindLiveObjects: 0.419200 ms CreateObjectMapping: 0.280900 ms MarkObjects: 2.507600 ms  DeleteObjects: 0.134000 ms)

========================================================================
Received Prepare
Registering precompiled user dll's ...
Registered in 0.001644 seconds.
Begin MonoManager ReloadAssembly
Native extension for WindowsStandalone target not found
Refreshing native plugins compatible for Editor in 0.61 ms, found 1 plugins.
Preloading 0 native plugins for Editor in 0.00 ms.
Mono: successfully reloaded assembly
- Completed reload, in  0.980 seconds
Platform modules already initialized, skipping
Shader 'Universal Render Pipeline/Particles/Lit': fallback shader 'Universal Render Pipeline/Particles/SimpleLit' not found
Refreshing native plugins compatible for Editor in 0.61 ms, found 1 plugins.
Preloading 0 native plugins for Editor in 0.00 ms.
Unloading 2995 Unused Serialized files (Serialized files now loaded: 0)
System memory in use before: 159.0 MB.
System memory in use after: 159.1 MB.

Unloading 14 unused Assets to reduce memory usage. Loaded Objects now: 4182.
Total: 3.600500 ms (FindLiveObjects: 0.384200 ms CreateObjectMapping: 0.161400 ms MarkObjects: 2.911800 ms  DeleteObjects: 0.142000 ms)

========================================================================
Received Prepare
Registering precompiled user dll's ...
Registered in 0.001658 seconds.
Begin MonoManager ReloadAssembly
Native extension for WindowsStandalone target not found
Refreshing native plugins compatible for Editor in 0.61 ms, found 1 plugins.
Preloading 0 native plugins for Editor in 0.00 ms.
Mono: successfully reloaded assembly
- Completed reload, in  0.956 seconds
Platform modules already initialized, skipping
Shader 'Universal Render Pipeline/Particles/Lit': fallback shader 'Universal Render Pipeline/Particles/SimpleLit' not found
Refreshing native plugins compatible for Editor in 0.58 ms, found 1 plugins.
Preloading 0 native plugins for Editor in 0.00 ms.
Unloading 2995 Unused Serialized files (Serialized files now loaded: 0)
System memory in use before: 159.0 MB.
System memory in use after: 159.1 MB.

Unloading 14 unused Assets to reduce memory usage. Loaded Objects now: 4186.
Total: 3.928200 ms (FindLiveObjects: 0.526500 ms CreateObjectMapping: 0.229000 ms MarkObjects: 3.035500 ms  DeleteObjects: 0.136100 ms)

========================================================================
Received Prepare
Registering precompiled user dll's ...
Registered in 0.002319 seconds.
Begin MonoManager ReloadAssembly
Native extension for WindowsStandalone target not found
Refreshing native plugins compatible for Editor in 0.62 ms, found 1 plugins.
Preloading 0 native plugins for Editor in 0.00 ms.
Mono: successfully reloaded assembly
- Completed reload, in  1.012 seconds
Platform modules already initialized, skipping
Shader 'Universal Render Pipeline/Particles/Lit': fallback shader 'Universal Render Pipeline/Particles/SimpleLit' not found
Refreshing native plugins compatible for Editor in 0.61 ms, found 1 plugins.
Preloading 0 native plugins for Editor in 0.00 ms.
Unloading 2995 Unused Serialized files (Serialized files now loaded: 0)
System memory in use before: 159.0 MB.
System memory in use after: 159.1 MB.

Unloading 14 unused Assets to reduce memory usage. Loaded Objects now: 4190.
Total: 6.030100 ms (FindLiveObjects: 0.858400 ms CreateObjectMapping: 0.353500 ms MarkObjects: 4.611900 ms  DeleteObjects: 0.204000 ms)

========================================================================
Received Import Request.
  Time since last request: 614.245680 seconds.
  path: Assets/Prefabs/Mage.prefab
  artifactKey: Guid(ee8773996318a65478642179e5891d76) Importer(815301076,1909f56bfc062723c751e8b465ee728b)
Start importing Assets/Prefabs/Mage.prefab using Guid(ee8773996318a65478642179e5891d76) Importer(815301076,1909f56bfc062723c751e8b465ee728b)  -> (artifact id: '9a12b9fcbe7a45f938e1b1725fdb9f39') in 0.160000 seconds
  Import took 0.179077 seconds .

========================================================================
Received Prepare
Registering precompiled user dll's ...
Registered in 0.001667 seconds.
Begin MonoManager ReloadAssembly
Native extension for WindowsStandalone target not found
Refreshing native plugins compatible for Editor in 0.56 ms, found 1 plugins.
Preloading 0 native plugins for Editor in 0.00 ms.
Mono: successfully reloaded assembly
- Completed reload, in  0.953 seconds
Platform modules already initialized, skipping
Shader 'Universal Render Pipeline/Particles/Lit': fallback shader 'Universal Render Pipeline/Particles/SimpleLit' not found
Refreshing native plugins compatible for Editor in 0.61 ms, found 1 plugins.
Preloading 0 native plugins for Editor in 0.00 ms.
Unloading 2995 Unused Serialized files (Serialized files now loaded: 0)
System memory in use before: 159.1 MB.
System memory in use after: 159.2 MB.

Unloading 14 unused Assets to reduce memory usage. Loaded Objects now: 4230.
Total: 3.262400 ms (FindLiveObjects: 0.359800 ms CreateObjectMapping: 0.145300 ms MarkObjects: 2.632700 ms  DeleteObjects: 0.123500 ms)

========================================================================
Received Prepare
Registering precompiled user dll's ...
Registered in 0.001870 seconds.
Begin MonoManager ReloadAssembly
Native extension for WindowsStandalone target not found
Refreshing native plugins compatible for Editor in 0.59 ms, found 1 plugins.
Preloading 0 native plugins for Editor in 0.00 ms.
Mono: successfully reloaded assembly
- Completed reload, in  1.087 seconds
Platform modules already initialized, skipping
Shader 'Universal Render Pipeline/Particles/Lit': fallback shader 'Universal Render Pipeline/Particles/SimpleLit' not found
Refreshing native plugins compatible for Editor in 0.70 ms, found 1 plugins.
Preloading 0 native plugins for Editor in 0.00 ms.
Unloading 2995 Unused Serialized files (Serialized files now loaded: 0)
System memory in use before: 159.1 MB.
System memory in use after: 159.2 MB.

Unloading 14 unused Assets to reduce memory usage. Loaded Objects now: 4234.
Total: 4.251700 ms (FindLiveObjects: 0.477400 ms CreateObjectMapping: 0.217300 ms MarkObjects: 3.402700 ms  DeleteObjects: 0.152800 ms)

========================================================================
Received Prepare
Registering precompiled user dll's ...
Registered in 0.001484 seconds.
Begin MonoManager ReloadAssembly
Native extension for WindowsStandalone target not found
Refreshing native plugins compatible for Editor in 0.58 ms, found 1 plugins.
Preloading 0 native plugins for Editor in 0.00 ms.
Mono: successfully reloaded assembly
- Completed reload, in  0.975 seconds
Platform modules already initialized, skipping
Shader 'Universal Render Pipeline/Particles/Lit': fallback shader 'Universal Render Pipeline/Particles/SimpleLit' not found
Refreshing native plugins compatible for Editor in 0.69 ms, found 1 plugins.
Preloading 0 native plugins for Editor in 0.00 ms.
Unloading 2995 Unused Serialized files (Serialized files now loaded: 0)
System memory in use before: 159.1 MB.
System memory in use after: 159.2 MB.

Unloading 14 unused Assets to reduce memory usage. Loaded Objects now: 4238.
Total: 3.532300 ms (FindLiveObjects: 0.410400 ms CreateObjectMapping: 0.177300 ms MarkObjects: 2.798300 ms  DeleteObjects: 0.145200 ms)

========================================================================
Received Import Request.
  Time since last request: 463.152712 seconds.
  path: Assets/Scenes/Game.unity
  artifactKey: Guid(2cda990e2423bbf4892e6590ba056729) Importer(815301076,1909f56bfc062723c751e8b465ee728b)
Start importing Assets/Scenes/Game.unity using Guid(2cda990e2423bbf4892e6590ba056729) Importer(815301076,1909f56bfc062723c751e8b465ee728b)  -> (artifact id: '4cdeccc90abe458c00cc061e3b6b390a') in 0.016238 seconds
  Import took 0.156548 seconds .

========================================================================
Received Prepare
Registering precompiled user dll's ...
Registered in 0.002484 seconds.
Begin MonoManager ReloadAssembly
Native extension for WindowsStandalone target not found
Refreshing native plugins compatible for Editor in 0.71 ms, found 1 plugins.
Preloading 0 native plugins for Editor in 0.00 ms.
Mono: successfully reloaded assembly
- Completed reload, in  1.194 seconds
Platform modules already initialized, skipping
Shader 'Universal Render Pipeline/Particles/Lit': fallback shader 'Universal Render Pipeline/Particles/SimpleLit' not found
Refreshing native plugins compatible for Editor in 0.94 ms, found 1 plugins.
Preloading 0 native plugins for Editor in 0.00 ms.
Unloading 2995 Unused Serialized files (Serialized files now loaded: 0)
System memory in use before: 159.1 MB.
System memory in use after: 159.2 MB.

Unloading 14 unused Assets to reduce memory usage. Loaded Objects now: 4242.
Total: 3.134400 ms (FindLiveObjects: 0.369900 ms CreateObjectMapping: 0.153400 ms MarkObjects: 2.483800 ms  DeleteObjects: 0.126400 ms)

========================================================================
Received Prepare
Registering precompiled user dll's ...
Registered in 0.001538 seconds.
Begin MonoManager ReloadAssembly
Native extension for WindowsStandalone target not found
Refreshing native plugins compatible for Editor in 0.64 ms, found 1 plugins.
Preloading 0 native plugins for Editor in 0.00 ms.
Mono: successfully reloaded assembly
- Completed reload, in  1.111 seconds
Platform modules already initialized, skipping
Shader 'Universal Render Pipeline/Particles/Lit': fallback shader 'Universal Render Pipeline/Particles/SimpleLit' not found
Refreshing native plugins compatible for Editor in 0.68 ms, found 1 plugins.
Preloading 0 native plugins for Editor in 0.00 ms.
Unloading 2995 Unused Serialized files (Serialized files now loaded: 0)
System memory in use before: 159.1 MB.
System memory in use after: 159.2 MB.

Unloading 14 unused Assets to reduce memory usage. Loaded Objects now: 4246.
Total: 5.721700 ms (FindLiveObjects: 0.699000 ms CreateObjectMapping: 0.332800 ms MarkObjects: 4.481900 ms  DeleteObjects: 0.206100 ms)

========================================================================
Received Prepare
Registering precompiled user dll's ...
Registered in 0.001631 seconds.
Begin MonoManager ReloadAssembly
Native extension for WindowsStandalone target not found
Refreshing native plugins compatible for Editor in 0.61 ms, found 1 plugins.
Preloading 0 native plugins for Editor in 0.00 ms.
Mono: successfully reloaded assembly
- Completed reload, in  1.048 seconds
Platform modules already initialized, skipping
Shader 'Universal Render Pipeline/Particles/Lit': fallback shader 'Universal Render Pipeline/Particles/SimpleLit' not found
Refreshing native plugins compatible for Editor in 0.61 ms, found 1 plugins.
Preloading 0 native plugins for Editor in 0.00 ms.
Unloading 2995 Unused Serialized files (Serialized files now loaded: 0)
System memory in use before: 159.1 MB.
System memory in use after: 159.2 MB.

Unloading 14 unused Assets to reduce memory usage. Loaded Objects now: 4250.
Total: 3.275500 ms (FindLiveObjects: 0.378700 ms CreateObjectMapping: 0.171100 ms MarkObjects: 2.586300 ms  DeleteObjects: 0.138400 ms)

========================================================================
Received Prepare
Registering precompiled user dll's ...
Registered in 0.001893 seconds.
Begin MonoManager ReloadAssembly
Native extension for WindowsStandalone target not found
Refreshing native plugins compatible for Editor in 0.68 ms, found 1 plugins.
Preloading 0 native plugins for Editor in 0.00 ms.
Mono: successfully reloaded assembly
- Completed reload, in  1.159 seconds
Platform modules already initialized, skipping
Shader 'Universal Render Pipeline/Particles/Lit': fallback shader 'Universal Render Pipeline/Particles/SimpleLit' not found
Refreshing native plugins compatible for Editor in 0.61 ms, found 1 plugins.
Preloading 0 native plugins for Editor in 0.00 ms.
Unloading 2995 Unused Serialized files (Serialized files now loaded: 0)
System memory in use before: 159.1 MB.
System memory in use after: 159.2 MB.

Unloading 14 unused Assets to reduce memory usage. Loaded Objects now: 4254.
Total: 3.363300 ms (FindLiveObjects: 0.341700 ms CreateObjectMapping: 0.116200 ms MarkObjects: 2.768000 ms  DeleteObjects: 0.136000 ms)

========================================================================
Received Import Request.
  Time since last request: 402.121342 seconds.
  path: Assets/Scenes/MainMenu.unity
  artifactKey: Guid(1fe131364ba15ae438f182a69830bff2) Importer(815301076,1909f56bfc062723c751e8b465ee728b)
Start importing Assets/Scenes/MainMenu.unity using Guid(1fe131364ba15ae438f182a69830bff2) Importer(815301076,1909f56bfc062723c751e8b465ee728b)  -> (artifact id: '3a883a74e467281d37caa2e357a3f824') in 0.021605 seconds
  Import took 0.033188 seconds .

========================================================================
Received Import Request.
  Time since last request: 134.759771 seconds.
  path: Assets/NewAudioMixer.mixer
  artifactKey: Guid(b56858e8fdb086b4ca56722764fab8cd) Importer(815301076,1909f56bfc062723c751e8b465ee728b)
Start importing Assets/NewAudioMixer.mixer using Guid(b56858e8fdb086b4ca56722764fab8cd) Importer(815301076,1909f56bfc062723c751e8b465ee728b)  -> (artifact id: '504c17ffd0d08b9643ccbe3f78f5fee5') in 0.042960 seconds
  Import took 0.067408 seconds .

========================================================================
Received Import Request.
  Time since last request: 223.283097 seconds.
  path: Assets/MainAudioMixer.mixer
  artifactKey: Guid(b56858e8fdb086b4ca56722764fab8cd) Importer(815301076,1909f56bfc062723c751e8b465ee728b)
Start importing Assets/MainAudioMixer.mixer using Guid(b56858e8fdb086b4ca56722764fab8cd) Importer(815301076,1909f56bfc062723c751e8b465ee728b)  -> (artifact id: 'f32a2218b27e2af9d2c2279c9a8e064c') in 0.007162 seconds
  Import took 0.117913 seconds .

========================================================================
Received Import Request.
  Time since last request: 0.376875 seconds.
  path: Assets/MainAudioMixer.mixer
  artifactKey: Guid(b56858e8fdb086b4ca56722764fab8cd) Importer(815301076,1909f56bfc062723c751e8b465ee728b)
Start importing Assets/MainAudioMixer.mixer using Guid(b56858e8fdb086b4ca56722764fab8cd) Importer(815301076,1909f56bfc062723c751e8b465ee728b)  -> (artifact id: 'f32a2218b27e2af9d2c2279c9a8e064c') in 0.002229 seconds
  Import took 0.007494 seconds .

========================================================================
Received Prepare
Registering precompiled user dll's ...
Registered in 0.001845 seconds.
Begin MonoManager ReloadAssembly
Native extension for WindowsStandalone target not found
Refreshing native plugins compatible for Editor in 0.67 ms, found 1 plugins.
Preloading 0 native plugins for Editor in 0.00 ms.
Mono: successfully reloaded assembly
- Completed reload, in  1.176 seconds
Platform modules already initialized, skipping
Shader 'Universal Render Pipeline/Particles/Lit': fallback shader 'Universal Render Pipeline/Particles/SimpleLit' not found
Refreshing native plugins compatible for Editor in 0.64 ms, found 1 plugins.
Preloading 0 native plugins for Editor in 0.00 ms.
Unloading 2995 Unused Serialized files (Serialized files now loaded: 0)
System memory in use before: 159.2 MB.
System memory in use after: 159.3 MB.

Unloading 14 unused Assets to reduce memory usage. Loaded Objects now: 4258.
Total: 3.762800 ms (FindLiveObjects: 0.621200 ms CreateObjectMapping: 0.201200 ms MarkObjects: 2.792800 ms  DeleteObjects: 0.145700 ms)

========================================================================
Received Prepare
Registering precompiled user dll's ...
Registered in 0.002245 seconds.
Begin MonoManager ReloadAssembly
Native extension for WindowsStandalone target not found
Refreshing native plugins compatible for Editor in 1.05 ms, found 1 plugins.
Preloading 0 native plugins for Editor in 0.00 ms.
Mono: successfully reloaded assembly
- Completed reload, in  1.161 seconds
Platform modules already initialized, skipping
Shader 'Universal Render Pipeline/Particles/Lit': fallback shader 'Universal Render Pipeline/Particles/SimpleLit' not found
Refreshing native plugins compatible for Editor in 0.67 ms, found 1 plugins.
Preloading 0 native plugins for Editor in 0.00 ms.
Unloading 2995 Unused Serialized files (Serialized files now loaded: 0)
System memory in use before: 159.2 MB.
System memory in use after: 159.3 MB.

Unloading 14 unused Assets to reduce memory usage. Loaded Objects now: 4262.
Total: 3.796400 ms (FindLiveObjects: 0.464200 ms CreateObjectMapping: 0.178700 ms MarkObjects: 2.992900 ms  DeleteObjects: 0.159200 ms)

========================================================================
Received Prepare
Registering precompiled user dll's ...
Registered in 0.002376 seconds.
Begin MonoManager ReloadAssembly
Native extension for WindowsStandalone target not found
Refreshing native plugins compatible for Editor in 0.84 ms, found 1 plugins.
Preloading 0 native plugins for Editor in 0.00 ms.
Mono: successfully reloaded assembly
- Completed reload, in  1.501 seconds
Platform modules already initialized, skipping
Shader 'Universal Render Pipeline/Particles/Lit': fallback shader 'Universal Render Pipeline/Particles/SimpleLit' not found
Refreshing native plugins compatible for Editor in 0.84 ms, found 1 plugins.
Preloading 0 native plugins for Editor in 0.00 ms.
Unloading 2995 Unused Serialized files (Serialized files now loaded: 0)
System memory in use before: 159.2 MB.
System memory in use after: 159.3 MB.

Unloading 14 unused Assets to reduce memory usage. Loaded Objects now: 4266.
Total: 5.027500 ms (FindLiveObjects: 0.749400 ms CreateObjectMapping: 0.556800 ms MarkObjects: 3.533600 ms  DeleteObjects: 0.186200 ms)

========================================================================
Received Prepare
Registering precompiled user dll's ...
Registered in 0.002075 seconds.
Begin MonoManager ReloadAssembly
Native extension for WindowsStandalone target not found
Refreshing native plugins compatible for Editor in 1.13 ms, found 1 plugins.
Preloading 0 native plugins for Editor in 0.00 ms.
Mono: successfully reloaded assembly
- Completed reload, in  1.167 seconds
Platform modules already initialized, skipping
Shader 'Universal Render Pipeline/Particles/Lit': fallback shader 'Universal Render Pipeline/Particles/SimpleLit' not found
Refreshing native plugins compatible for Editor in 0.67 ms, found 1 plugins.
Preloading 0 native plugins for Editor in 0.00 ms.
Unloading 2995 Unused Serialized files (Serialized files now loaded: 0)
System memory in use before: 159.2 MB.
System memory in use after: 159.3 MB.

Unloading 14 unused Assets to reduce memory usage. Loaded Objects now: 4270.
Total: 5.565300 ms (FindLiveObjects: 0.407700 ms CreateObjectMapping: 0.258800 ms MarkObjects: 4.731800 ms  DeleteObjects: 0.165800 ms)

========================================================================
Received Import Request.
  Time since last request: 817.025547 seconds.
  path: Assets/Scripts/AddRoom.cs
  artifactKey: Guid(c4ebea2a8c00b2842a641e74fee4e51c) Importer(815301076,1909f56bfc062723c751e8b465ee728b)
Start importing Assets/Scripts/AddRoom.cs using Guid(c4ebea2a8c00b2842a641e74fee4e51c) Importer(815301076,1909f56bfc062723c751e8b465ee728b)  -> (artifact id: '34d5a549bc2416ad54ff45b7977e73a2') in 0.009639 seconds
  Import took 0.016150 seconds .

========================================================================
Received Import Request.
  Time since last request: 59.266872 seconds.
  path: Assets/Scripts/Machinegun.cs
  artifactKey: Guid(1c6ef6e971f05eb4db1c98293869d439) Importer(815301076,1909f56bfc062723c751e8b465ee728b)
Start importing Assets/Scripts/Machinegun.cs using Guid(1c6ef6e971f05eb4db1c98293869d439) Importer(815301076,1909f56bfc062723c751e8b465ee728b)  -> (artifact id: 'd26a136201791057face4126032bd31d') in 0.012046 seconds
  Import took 0.024592 seconds .

========================================================================
Received Import Request.
  Time since last request: 0.006285 seconds.
  path: Assets/Scripts/Machinegun.cs
  artifactKey: Guid(1c6ef6e971f05eb4db1c98293869d439) Importer(815301076,1909f56bfc062723c751e8b465ee728b)
Start importing Assets/Scripts/Machinegun.cs using Guid(1c6ef6e971f05eb4db1c98293869d439) Importer(815301076,1909f56bfc062723c751e8b465ee728b)  -> (artifact id: 'd26a136201791057face4126032bd31d') in 0.003755 seconds
  Import took 0.014143 seconds .

========================================================================
Received Import Request.
  Time since last request: 0.477822 seconds.
  path: Assets/Scripts/Mage.cs
  artifactKey: Guid(fe09f116237357b408bf256a8e229d91) Importer(815301076,1909f56bfc062723c751e8b465ee728b)
Start importing Assets/Scripts/Mage.cs using Guid(fe09f116237357b408bf256a8e229d91) Importer(815301076,1909f56bfc062723c751e8b465ee728b)  -> (artifact id: '400d657d0daff50c16dd875722ca813f') in 0.001469 seconds
  Import took 0.111275 seconds .

========================================================================
Received Import Request.
  Time since last request: 1.650403 seconds.
  path: Assets/Scripts/Movement.cs
  artifactKey: Guid(db7426929301cf94084da13e609c5478) Importer(815301076,1909f56bfc062723c751e8b465ee728b)
Start importing Assets/Scripts/Movement.cs using Guid(db7426929301cf94084da13e609c5478) Importer(815301076,1909f56bfc062723c751e8b465ee728b)  -> (artifact id: 'a27c5a53e58aebe005420f54f7cb5e76') in 0.006195 seconds
  Import took 0.015660 seconds .

========================================================================
Received Import Request.
  Time since last request: 0.002741 seconds.
  path: Assets/Scripts/Movement.cs
  artifactKey: Guid(db7426929301cf94084da13e609c5478) Importer(815301076,1909f56bfc062723c751e8b465ee728b)
Start importing Assets/Scripts/Movement.cs using Guid(db7426929301cf94084da13e609c5478) Importer(815301076,1909f56bfc062723c751e8b465ee728b)  -> (artifact id: 'a27c5a53e58aebe005420f54f7cb5e76') in 0.004410 seconds
  Import took 0.013201 seconds .

========================================================================
Received Import Request.
  Time since last request: 1.197466 seconds.
  path: Assets/Scripts/Rooms.cs
  artifactKey: Guid(b689ffcda040d25408c744c1e21ae32e) Importer(815301076,1909f56bfc062723c751e8b465ee728b)
Start importing Assets/Scripts/Rooms.cs using Guid(b689ffcda040d25408c744c1e21ae32e) Importer(815301076,1909f56bfc062723c751e8b465ee728b)  -> (artifact id: '89e635ac094c4ed9eeb42794c1862070') in 0.006291 seconds
  Import took 0.018818 seconds .

========================================================================
Received Import Request.
  Time since last request: 0.469874 seconds.
  path: Assets/Scripts/RoomSpawner.cs
  artifactKey: Guid(e7476ce71c892c748a7661c96d1f2d36) Importer(815301076,1909f56bfc062723c751e8b465ee728b)
Start importing Assets/Scripts/RoomSpawner.cs using Guid(e7476ce71c892c748a7661c96d1f2d36) Importer(815301076,1909f56bfc062723c751e8b465ee728b)  -> (artifact id: 'fc08df9f40b43d4018affbc4e1c1be4a') in 0.014289 seconds
  Import took 0.034701 seconds .

========================================================================
Received Import Request.
  Time since last request: 47.167554 seconds.
  path: Assets/Scripts/RoomSpawner.cs
  artifactKey: Guid(e7476ce71c892c748a7661c96d1f2d36) Importer(815301076,1909f56bfc062723c751e8b465ee728b)
Start importing Assets/Scripts/RoomSpawner.cs using Guid(e7476ce71c892c748a7661c96d1f2d36) Importer(815301076,1909f56bfc062723c751e8b465ee728b)  -> (artifact id: 'd3c23fbc072e9c582a14ac5f43fd0624') in 0.002023 seconds
  Import took 0.018122 seconds .

========================================================================
Received Import Request.
  Time since last request: 0.003100 seconds.
  path: Assets/Scripts/RoomSpawner.cs
  artifactKey: Guid(e7476ce71c892c748a7661c96d1f2d36) Importer(815301076,1909f56bfc062723c751e8b465ee728b)
Start importing Assets/Scripts/RoomSpawner.cs using Guid(e7476ce71c892c748a7661c96d1f2d36) Importer(815301076,1909f56bfc062723c751e8b465ee728b)  -> (artifact id: 'd3c23fbc072e9c582a14ac5f43fd0624') in 0.001400 seconds
  Import took 0.006457 seconds .

========================================================================
Received Prepare
Registering precompiled user dll's ...
Registered in 0.001772 seconds.
Begin MonoManager ReloadAssembly
Native extension for WindowsStandalone target not found
Refreshing native plugins compatible for Editor in 0.62 ms, found 1 plugins.
Preloading 0 native plugins for Editor in 0.00 ms.
Mono: successfully reloaded assembly
- Completed reload, in  1.115 seconds
Platform modules already initialized, skipping
Shader 'Universal Render Pipeline/Particles/Lit': fallback shader 'Universal Render Pipeline/Particles/SimpleLit' not found
Refreshing native plugins compatible for Editor in 0.64 ms, found 1 plugins.
Preloading 0 native plugins for Editor in 0.00 ms.
Unloading 2995 Unused Serialized files (Serialized files now loaded: 0)
System memory in use before: 159.2 MB.
System memory in use after: 159.3 MB.

Unloading 14 unused Assets to reduce memory usage. Loaded Objects now: 4274.
Total: 4.125200 ms (FindLiveObjects: 0.606800 ms CreateObjectMapping: 0.216900 ms MarkObjects: 3.154300 ms  DeleteObjects: 0.145400 ms)

========================================================================
Received Prepare
Registering precompiled user dll's ...
Registered in 0.001694 seconds.
Begin MonoManager ReloadAssembly
Native extension for WindowsStandalone target not found
Refreshing native plugins compatible for Editor in 0.60 ms, found 1 plugins.
Preloading 0 native plugins for Editor in 0.00 ms.
Mono: successfully reloaded assembly
- Completed reload, in  1.133 seconds
Platform modules already initialized, skipping
Shader 'Universal Render Pipeline/Particles/Lit': fallback shader 'Universal Render Pipeline/Particles/SimpleLit' not found
Refreshing native plugins compatible for Editor in 0.67 ms, found 1 plugins.
Preloading 0 native plugins for Editor in 0.00 ms.
Unloading 2995 Unused Serialized files (Serialized files now loaded: 0)
System memory in use before: 159.2 MB.
System memory in use after: 159.3 MB.

Unloading 14 unused Assets to reduce memory usage. Loaded Objects now: 4278.
Total: 4.580300 ms (FindLiveObjects: 0.473300 ms CreateObjectMapping: 0.164100 ms MarkObjects: 3.760200 ms  DeleteObjects: 0.181500 ms)

========================================================================
Received Prepare
Registering precompiled user dll's ...
Registered in 0.001834 seconds.
Begin MonoManager ReloadAssembly
Native extension for WindowsStandalone target not found
Refreshing native plugins compatible for Editor in 0.98 ms, found 1 plugins.
Preloading 0 native plugins for Editor in 0.00 ms.
Mono: successfully reloaded assembly
- Completed reload, in  1.248 seconds
Platform modules already initialized, skipping
Shader 'Universal Render Pipeline/Particles/Lit': fallback shader 'Universal Render Pipeline/Particles/SimpleLit' not found
Refreshing native plugins compatible for Editor in 0.68 ms, found 1 plugins.
Preloading 0 native plugins for Editor in 0.00 ms.
Unloading 2995 Unused Serialized files (Serialized files now loaded: 0)
System memory in use before: 159.2 MB.
System memory in use after: 159.3 MB.

Unloading 14 unused Assets to reduce memory usage. Loaded Objects now: 4282.
Total: 3.721200 ms (FindLiveObjects: 0.321400 ms CreateObjectMapping: 0.119000 ms MarkObjects: 3.136200 ms  DeleteObjects: 0.143700 ms)

========================================================================
Received Prepare
Registering precompiled user dll's ...
Registered in 0.001903 seconds.
Begin MonoManager ReloadAssembly
Native extension for WindowsStandalone target not found
Refreshing native plugins compatible for Editor in 0.62 ms, found 1 plugins.
Preloading 0 native plugins for Editor in 0.00 ms.
Mono: successfully reloaded assembly
- Completed reload, in  1.188 seconds
Platform modules already initialized, skipping
Shader 'Universal Render Pipeline/Particles/Lit': fallback shader 'Universal Render Pipeline/Particles/SimpleLit' not found
Refreshing native plugins compatible for Editor in 0.65 ms, found 1 plugins.
Preloading 0 native plugins for Editor in 0.00 ms.
Unloading 2995 Unused Serialized files (Serialized files now loaded: 0)
System memory in use before: 159.2 MB.
System memory in use after: 159.3 MB.

Unloading 14 unused Assets to reduce memory usage. Loaded Objects now: 4286.
Total: 4.923500 ms (FindLiveObjects: 0.407000 ms CreateObjectMapping: 0.147500 ms MarkObjects: 4.202900 ms  DeleteObjects: 0.164800 ms)

========================================================================
Received Prepare
Registering precompiled user dll's ...
Registered in 0.001996 seconds.
Begin MonoManager ReloadAssembly
Native extension for WindowsStandalone target not found
Refreshing native plugins compatible for Editor in 0.74 ms, found 1 plugins.
Preloading 0 native plugins for Editor in 0.00 ms.
Mono: successfully reloaded assembly
- Completed reload, in  1.369 seconds
Platform modules already initialized, skipping
Shader 'Universal Render Pipeline/Particles/Lit': fallback shader 'Universal Render Pipeline/Particles/SimpleLit' not found
Refreshing native plugins compatible for Editor in 0.72 ms, found 1 plugins.
Preloading 0 native plugins for Editor in 0.00 ms.
Unloading 2995 Unused Serialized files (Serialized files now loaded: 0)
System memory in use before: 159.2 MB.
System memory in use after: 159.4 MB.

Unloading 14 unused Assets to reduce memory usage. Loaded Objects now: 4290.
Total: 4.671100 ms (FindLiveObjects: 0.494200 ms CreateObjectMapping: 0.217600 ms MarkObjects: 3.785700 ms  DeleteObjects: 0.171700 ms)

========================================================================
Received Prepare
Registering precompiled user dll's ...
Registered in 0.002110 seconds.
Begin MonoManager ReloadAssembly
Native extension for WindowsStandalone target not found
Refreshing native plugins compatible for Editor in 0.67 ms, found 1 plugins.
Preloading 0 native plugins for Editor in 0.00 ms.
Mono: successfully reloaded assembly
- Completed reload, in  1.276 seconds
Platform modules already initialized, skipping
Shader 'Universal Render Pipeline/Particles/Lit': fallback shader 'Universal Render Pipeline/Particles/SimpleLit' not found
Refreshing native plugins compatible for Editor in 0.79 ms, found 1 plugins.
Preloading 0 native plugins for Editor in 0.00 ms.
Unloading 2995 Unused Serialized files (Serialized files now loaded: 0)
System memory in use before: 159.3 MB.
System memory in use after: 159.4 MB.

Unloading 14 unused Assets to reduce memory usage. Loaded Objects now: 4294.
Total: 7.470300 ms (FindLiveObjects: 0.484000 ms CreateObjectMapping: 0.226100 ms MarkObjects: 6.133200 ms  DeleteObjects: 0.622500 ms)

========================================================================
Received Prepare
Registering precompiled user dll's ...
Registered in 0.002019 seconds.
Begin MonoManager ReloadAssembly
Native extension for WindowsStandalone target not found
Refreshing native plugins compatible for Editor in 0.68 ms, found 1 plugins.
Preloading 0 native plugins for Editor in 0.00 ms.
Mono: successfully reloaded assembly
- Completed reload, in  1.288 seconds
Platform modules already initialized, skipping
Shader 'Universal Render Pipeline/Particles/Lit': fallback shader 'Universal Render Pipeline/Particles/SimpleLit' not found
Refreshing native plugins compatible for Editor in 0.72 ms, found 1 plugins.
Preloading 0 native plugins for Editor in 0.00 ms.
Unloading 2995 Unused Serialized files (Serialized files now loaded: 0)
System memory in use before: 159.3 MB.
System memory in use after: 159.4 MB.

Unloading 14 unused Assets to reduce memory usage. Loaded Objects now: 4298.
Total: 4.289000 ms (FindLiveObjects: 0.444800 ms CreateObjectMapping: 0.195300 ms MarkObjects: 3.487900 ms  DeleteObjects: 0.159400 ms)

========================================================================
Received Prepare
Registering precompiled user dll's ...
Registered in 0.001958 seconds.
Begin MonoManager ReloadAssembly
Native extension for WindowsStandalone target not found
Refreshing native plugins compatible for Editor in 1.76 ms, found 1 plugins.
Preloading 0 native plugins for Editor in 0.00 ms.
Mono: successfully reloaded assembly
- Completed reload, in  1.229 seconds
Platform modules already initialized, skipping
Shader 'Universal Render Pipeline/Particles/Lit': fallback shader 'Universal Render Pipeline/Particles/SimpleLit' not found
Refreshing native plugins compatible for Editor in 0.67 ms, found 1 plugins.
Preloading 0 native plugins for Editor in 0.00 ms.
Unloading 2995 Unused Serialized files (Serialized files now loaded: 0)
System memory in use before: 159.3 MB.
System memory in use after: 159.4 MB.

Unloading 14 unused Assets to reduce memory usage. Loaded Objects now: 4302.
Total: 4.664900 ms (FindLiveObjects: 0.764000 ms CreateObjectMapping: 0.412200 ms MarkObjects: 3.333200 ms  DeleteObjects: 0.153900 ms)

========================================================================
Received Prepare
Registering precompiled user dll's ...
Registered in 0.001837 seconds.
Begin MonoManager ReloadAssembly
Native extension for WindowsStandalone target not found
Refreshing native plugins compatible for Editor in 0.66 ms, found 1 plugins.
Preloading 0 native plugins for Editor in 0.00 ms.
Mono: successfully reloaded assembly
- Completed reload, in  1.119 seconds
Platform modules already initialized, skipping
Shader 'Universal Render Pipeline/Particles/Lit': fallback shader 'Universal Render Pipeline/Particles/SimpleLit' not found
Refreshing native plugins compatible for Editor in 0.81 ms, found 1 plugins.
Preloading 0 native plugins for Editor in 0.00 ms.
Unloading 2995 Unused Serialized files (Serialized files now loaded: 0)
System memory in use before: 159.3 MB.
System memory in use after: 159.4 MB.

Unloading 14 unused Assets to reduce memory usage. Loaded Objects now: 4306.
Total: 4.538700 ms (FindLiveObjects: 0.385300 ms CreateObjectMapping: 0.166400 ms MarkObjects: 3.357800 ms  DeleteObjects: 0.627700 ms)

========================================================================
Received Prepare
Shader 'Universal Render Pipeline/Particles/Lit': fallback shader 'Universal Render Pipeline/Particles/SimpleLit' not found
Refreshing native plugins compatible for Editor in 2.37 ms, found 1 plugins.
Preloading 0 native plugins for Editor in 0.00 ms.
Unloading 12 Unused Serialized files (Serialized files now loaded: 0)
System memory in use before: 100.4 MB.
System memory in use after: 100.5 MB.

Unloading 12 unused Assets to reduce memory usage. Loaded Objects now: 4306.
Total: 4.635000 ms (FindLiveObjects: 0.495100 ms CreateObjectMapping: 0.226500 ms MarkObjects: 3.736300 ms  DeleteObjects: 0.175300 ms)

========================================================================
Received Prepare
Shader 'Universal Render Pipeline/Particles/Lit': fallback shader 'Universal Render Pipeline/Particles/SimpleLit' not found
Refreshing native plugins compatible for Editor in 2.64 ms, found 1 plugins.
Preloading 0 native plugins for Editor in 0.00 ms.
Unloading 12 Unused Serialized files (Serialized files now loaded: 0)
System memory in use before: 100.4 MB.
System memory in use after: 100.5 MB.

Unloading 12 unused Assets to reduce memory usage. Loaded Objects now: 4306.
Total: 4.583400 ms (FindLiveObjects: 0.531100 ms CreateObjectMapping: 0.190900 ms MarkObjects: 3.669800 ms  DeleteObjects: 0.190200 ms)

AssetImportWorkerClient::OnTransportError - code=2 error=End of file
